<?xml version="1.0" encoding="UTF-8"?>
<testsuite xmlns:xsi="http://www.w3.org/2001/XMLSchema-instance" xsi:noNamespaceSchemaLocation="https://maven.apache.org/surefire/maven-surefire-plugin/xsd/surefire-test-report.xsd" version="3.0.2" name="TestSuite" time="21.064" tests="1" errors="0" skipped="0" failures="0">
  <properties>
[...]
</properties>
  <testcase name="validateCoverFoxPlan" classname="com.coverFox_test.CoverFoxTestUsingTestNG" time="0.246">
    <system-out><![CDATA[ INFO [main] (CoverFoxTestUsingTestNG.java:48)- Welcome to CoverFox Testing
Reading url from properties file
launching Browser
 INFO [main] (CoverFoxTestUsingTestNG.java:51)- Launching Browser
Clicking on Gender
 INFO [main] (CoverFoxTestUsingTestNG.java:65)- Clicking on Gender
Clicking on Next button of Health Plan Page
 INFO [main] (CoverFoxTestUsingTestNG.java:67)- clicking On Next Button On Health Plan Page
2025-04-26T12:02:12.174739300Z main ERROR Log4j API could not find a logging provider.
Reading data from excel
handeling age dropdown
 INFO [main] (CoverFoxTestUsingTestNG.java:69)- Handling age drop down
Clicking on next button on member details page
 INFO [main] (CoverFoxTestUsingTestNG.java:71)- clicking On Next Button On Member Detail Page
Reading data from excel
entering Pincode On Adress Detail Page
 INFO [main] (CoverFoxTestUsingTestNG.java:73)- Enter Pincode On Adress Detail Page
Reading data from excel
entering mobile number On Adress Detail Page
 INFO [main] (CoverFoxTestUsingTestNG.java:75)- Eneter Mobile Number On Address Detail Page
clicking On continue button on Address Detail Page
 INFO [main] (CoverFoxTestUsingTestNG.java:77)- Clicking On Continue Button
Getting Plan Number From Text
Getting Plan Number From Plan Cards
 INFO [main] (CoverFoxTestUsingTestNG.java:88)- Validating CoverFox Plan
Plan Number is Matching , TC is passed
Test validateCoverFoxPlan is success
]]></system-out>
    <system-err><![CDATA[SLF4J(W): No SLF4J providers were found.
SLF4J(W): Defaulting to no-operation (NOP) logger implementation
SLF4J(W): See https://www.slf4j.org/codes.html#noProviders for further details.
]]></system-err>
  </testcase>
</testsuite>